SF:booking\__init__.py
end_of_record
SF:booking\admin.py
DA:1,1
DA:2,1
DA:5,1
LF:3
LH:3
end_of_record
SF:booking\apps.py
DA:1,1
DA:4,1
DA:5,1
DA:6,1
LF:4
LH:4
end_of_record
SF:booking\models.py
DA:1,1
DA:2,1
DA:3,1
DA:4,1
DA:5,1
DA:6,1
DA:7,1
DA:8,1
DA:9,1
DA:10,1
DA:11,1
DA:12,1
DA:13,1
DA:14,1
DA:15,1
DA:21,1
DA:23,1
DA:27,1
DA:28,1
DA:29,1
DA:30,1
DA:31,1
DA:32,1
DA:34,1
DA:36,0
DA:37,0
DA:38,0
DA:40,1
DA:41,0
LF:29
LH:25
FN:34,38,BookingSlot.save
FNDA:0,BookingSlot.save
FN:40,41,BookingSlot.__str__
FNDA:0,BookingSlot.__str__
FNF:2
FNH:0
BRDA:36,0,jump to line 37,-
BRDA:36,0,jump to line 38,-
BRF:2
BRH:0
end_of_record
SF:booking\tests.py
end_of_record
SF:booking\urls.py
DA:1,1
DA:2,1
DA:3,1
DA:4,1
DA:6,1
LF:5
LH:5
end_of_record
SF:booking\views.py
DA:1,1
DA:2,1
DA:3,1
DA:4,1
DA:5,1
DA:6,1
DA:7,1
DA:8,1
DA:9,1
DA:11,1
DA:12,1
DA:13,1
DA:14,0
DA:16,0
DA:17,0
DA:18,0
DA:19,0
DA:20,0
DA:21,0
DA:22,0
DA:23,0
DA:24,0
DA:26,0
DA:27,0
DA:28,0
DA:35,1
DA:36,1
DA:37,1
DA:38,0
DA:39,0
DA:40,0
DA:41,0
DA:42,0
DA:43,0
DA:44,0
DA:45,0
DA:47,0
DA:54,1
DA:56,0
DA:57,0
DA:58,0
DA:59,0
DA:61,0
DA:62,0
DA:64,0
DA:66,0
DA:67,0
DA:68,0
DA:69,0
DA:71,0
DA:72,0
DA:73,0
DA:75,0
DA:76,0
DA:78,0
DA:79,0
DA:80,0
DA:81,0
DA:82,0
DA:84,0
DA:86,0
DA:88,0
DA:89,0
DA:91,0
DA:93,1
DA:94,1
DA:95,0
DA:96,0
DA:97,0
DA:98,0
DA:99,0
DA:100,0
DA:101,0
DA:102,0
DA:103,0
DA:104,0
DA:105,0
DA:106,0
DA:107,0
DA:109,0
DA:117,0
DA:118,0
DA:127,0
DA:133,0
DA:134,0
DA:135,0
LF:86
LH:18
FN:13,33,booking_step_1
FNDA:0,booking_step_1
FN:37,52,booking_step_2
FNDA:0,booking_step_2
FN:54,91,available_slots
FNDA:0,available_slots
FN:94,142,success
FNDA:0,success
FNF:4
FNH:0
BRDA:14,0,jump to line 16,-
BRDA:14,0,jump to line 26,-
BRDA:38,0,jump to line 39,-
BRDA:38,0,jump to line 47,-
BRDA:67,0,jump to line 68,-
BRDA:67,0,jump to line 84,-
BRDA:71,0,jump to line 72,-
BRDA:71,0,jump to line 78,-
BRDA:73,0,jump to line 75,-
BRDA:73,0,jump to line 78,-
BRDA:79,0,jump to line 67,-
BRDA:79,0,jump to line 80,-
BRDA:88,0,jump to line 89,-
BRDA:88,0,jump to line 91,-
BRDA:95,0,jump to line 96,-
BRDA:95,0,jump to line 102,-
BRDA:106,0,jump to line 107,-
BRDA:106,0,jump to line 109,-
BRF:18
BRH:0
end_of_record
SF:carehub\__init__.py
end_of_record
SF:carehub\asgi.py
DA:10,0
DA:11,0
DA:12,0
DA:14,0
DA:16,0
DA:18,0
LF:6
LH:0
end_of_record
SF:carehub\settings.py
DA:1,1
DA:2,1
DA:3,1
DA:4,1
DA:5,1
DA:8,1
DA:9,1
DA:10,1
DA:12,1
DA:18,1
DA:20,1
DA:21,0
DA:25,1
DA:27,1
DA:32,1
DA:49,1
DA:51,1
DA:54,1
DA:56,1
DA:67,1
DA:69,1
DA:85,1
DA:96,1
DA:108,1
DA:109,0
DA:120,1
DA:139,1
DA:141,1
DA:143,1
DA:145,1
DA:151,1
DA:152,1
DA:157,1
DA:159,1
DA:164,1
DA:165,1
DA:167,1
LF:37
LH:35
BRDA:20,0,jump to line 21,0
BRDA:20,0,jump to line 25,1
BRDA:108,0,jump to line 109,0
BRDA:108,0,jump to line 120,1
BRF:4
BRH:2
end_of_record
SF:carehub\urls.py
DA:1,1
DA:2,1
DA:3,1
DA:4,1
DA:5,1
DA:6,1
DA:8,1
DA:44,1
DA:45,1
LF:9
LH:9
BRDA:44,0,jump to line 45,1
BRDA:44,0,exit the module,0
BRF:2
BRH:1
end_of_record
SF:carehub\wsgi.py
DA:10,0
DA:12,0
DA:14,0
DA:16,0
LF:4
LH:0
end_of_record
SF:my_app\__init__.py
end_of_record
SF:my_app\admin.py
DA:1,1
DA:2,1
DA:4,1
DA:5,1
DA:6,1
DA:7,1
DA:8,1
DA:9,1
DA:10,1
LF:9
LH:9
end_of_record
SF:my_app\apps.py
DA:1,1
DA:4,1
DA:5,1
DA:6,1
LF:4
LH:4
end_of_record
SF:my_app\models.py
DA:1,1
DA:2,1
DA:4,1
DA:5,1
DA:8,1
DA:9,1
DA:10,1
DA:11,0
DA:13,1
DA:14,1
DA:15,1
DA:16,1
DA:17,0
DA:19,1
DA:20,1
DA:21,1
DA:23,1
DA:24,0
DA:26,1
DA:27,1
DA:28,1
DA:30,1
DA:31,0
DA:33,1
DA:34,1
DA:35,1
DA:37,1
DA:38,0
DA:40,1
DA:41,1
DA:43,1
DA:44,0
DA:46,1
DA:47,1
DA:52,1
DA:53,1
DA:54,1
DA:55,1
DA:56,1
DA:57,0
DA:59,1
DA:60,1
DA:61,1
DA:62,1
DA:63,1
DA:64,1
DA:65,1
DA:66,1
DA:67,0
LF:49
LH:41
FN:10,11,Division.__str__
FNDA:0,Division.__str__
FN:16,17,District.__str__
FNDA:0,District.__str__
FN:23,24,Upazilla.__str__
FNDA:0,Upazilla.__str__
FN:30,31,Area.__str__
FNDA:0,Area.__str__
FN:37,38,Landmark.__str__
FNDA:0,Landmark.__str__
FN:43,44,Service.__str__
FNDA:0,Service.__str__
FN:56,57,Item.__str__
FNDA:0,Item.__str__
FN:66,67,ReviewCarehub.__str__
FNDA:0,ReviewCarehub.__str__
FNF:8
FNH:0
end_of_record
SF:my_app\tests.py
DA:1,1
LF:1
LH:1
end_of_record
SF:my_app\views.py
DA:1,1
DA:2,1
DA:3,1
DA:4,1
DA:5,1
DA:6,1
DA:7,1
DA:8,1
DA:9,1
DA:11,1
DA:12,1
DA:13,1
DA:14,1
DA:15,1
DA:16,1
DA:17,1
DA:18,1
DA:19,1
DA:21,1
DA:22,0
DA:24,0
DA:25,0
DA:26,0
DA:27,0
DA:28,0
DA:29,0
DA:32,0
DA:33,0
DA:34,0
DA:35,0
DA:36,0
DA:37,0
DA:39,0
DA:46,1
DA:48,0
DA:49,0
DA:50,0
DA:52,0
DA:53,0
DA:54,0
DA:55,0
DA:58,0
DA:59,0
DA:60,0
DA:61,0
DA:63,0
DA:65,0
DA:72,0
DA:73,0
DA:75,1
DA:76,0
DA:78,1
DA:79,1
DA:80,0
DA:81,0
DA:82,0
DA:83,0
DA:84,0
DA:85,0
DA:86,0
DA:88,0
DA:90,0
DA:91,0
DA:92,0
DA:93,0
DA:94,0
DA:95,0
DA:96,0
DA:98,0
DA:99,0
DA:100,0
DA:103,0
DA:105,0
DA:106,0
DA:107,0
DA:109,0
DA:112,1
DA:113,0
DA:114,0
DA:116,1
DA:117,0
DA:120,1
DA:121,0
DA:122,0
DA:124,0
DA:125,0
DA:127,0
DA:129,0
DA:130,0
DA:131,0
DA:133,0
DA:139,1
DA:140,0
DA:142,1
DA:143,0
DA:145,1
DA:146,0
DA:148,1
DA:149,0
DA:151,1
DA:152,0
DA:154,1
DA:155,0
DA:156,0
DA:158,1
DA:159,0
DA:160,0
DA:161,0
DA:162,0
DA:163,0
DA:164,0
DA:165,0
DA:166,0
DA:167,0
DA:168,0
DA:169,0
DA:170,0
DA:172,0
DA:174,1
DA:175,0
DA:176,0
DA:177,0
DA:178,0
DA:179,0
DA:180,0
DA:181,0
DA:182,0
DA:183,0
DA:184,0
DA:185,0
DA:186,0
DA:187,0
DA:189,0
DA:191,0
DA:203,0
DA:205,1
DA:206,0
DA:207,0
DA:209,1
DA:210,0
DA:211,0
DA:212,0
DA:213,0
DA:214,0
DA:215,0
DA:216,0
DA:217,0
DA:218,0
DA:219,0
DA:220,0
DA:222,0
DA:232,0
DA:237,0
DA:238,1
DA:239,0
DA:240,0
DA:241,0
DA:243,1
DA:244,0
DA:245,0
DA:246,0
DA:247,0
DA:248,0
DA:250,1
DA:251,0
DA:252,0
DA:253,0
DA:254,0
DA:255,0
DA:256,0
LF:170
LH:39
FN:21,45,home
FNDA:0,home
FN:46,73,submit_review
FNDA:0,submit_review
FN:75,76,select_user_type
FNDA:0,select_user_type
FN:79,109,log_in
FNDA:0,log_in
FN:112,114,log_out
FNDA:0,log_out
FN:116,117,create_account
FNDA:0,create_account
FN:120,137,shop_profile
FNDA:0,shop_profile
FN:139,140,contact_us
FNDA:0,contact_us
FN:142,143,about_us
FNDA:0,about_us
FN:145,146,privacy_policy
FNDA:0,privacy_policy
FN:148,149,terms_conditions
FNDA:0,terms_conditions
FN:151,152,search
FNDA:0,search
FN:154,156,service
FNDA:0,service
FN:158,172,book_now
FNDA:0,book_now
FN:174,203,fetch_shop
FNDA:0,fetch_shop
FN:205,207,explore_by_items
FNDA:0,explore_by_items
FN:209,237,fetch_by_items
FNDA:0,fetch_by_items
FN:238,241,location
FNDA:0,location
FN:243,248,explore_by_items
FNDA:0,explore_by_items
FN:250,256,items
FNDA:0,items
FNF:20
FNH:0
BRDA:22,0,jump to line 24,-
BRDA:22,0,jump to line 25,-
BRDA:33,0,jump to line 34,-
BRDA:33,0,jump to line 39,-
BRDA:34,0,jump to line 35,-
BRDA:34,0,jump to line 36,-
BRDA:36,0,jump to line 37,-
BRDA:36,0,jump to line 39,-
BRDA:48,0,jump to line 49,-
BRDA:48,0,jump to line 73,-
BRDA:58,0,jump to line 59,-
BRDA:58,0,jump to line 60,-
BRDA:60,0,jump to line 61,-
BRDA:60,0,jump to line 63,-
BRDA:82,0,jump to line 83,-
BRDA:82,0,jump to line 84,-
BRDA:84,0,jump to line 85,-
BRDA:84,0,jump to line 109,-
BRDA:92,0,jump to line 93,-
BRDA:92,0,jump to line 105,-
BRDA:95,0,jump to line 96,-
BRDA:95,0,jump to line 98,-
BRDA:98,0,jump to line 99,-
BRDA:98,0,jump to line 103,-
BRDA:121,0,jump to line 122,-
BRDA:121,0,jump to line 133,-
BRDA:124,0,jump to line 125,-
BRDA:124,0,jump to line 127,-
BRDA:163,0,jump to line 164,-
BRDA:163,0,jump to line 165,-
BRDA:165,0,jump to line 166,-
BRDA:165,0,jump to line 167,-
BRDA:169,0,jump to line 170,-
BRDA:169,0,jump to line 172,-
BRDA:182,0,jump to line 183,-
BRDA:182,0,jump to line 184,-
BRDA:184,0,jump to line 185,-
BRDA:184,0,jump to line 186,-
BRDA:186,0,jump to line 187,-
BRDA:186,0,jump to line 189,-
BRDA:220,0,jump to line 222,-
BRDA:220,0,jump to line 232,-
BRDA:245,0,jump to line 246,-
BRDA:245,0,jump to line 247,-
BRDA:252,0,jump to line 253,-
BRDA:252,0,jump to line 256,-
BRF:46
BRH:0
end_of_record
SF:registration\__init__.py
end_of_record
SF:registration\admin.py
DA:1,1
LF:1
LH:1
end_of_record
SF:registration\apps.py
DA:1,1
DA:4,1
DA:5,1
DA:6,1
LF:4
LH:4
end_of_record
SF:registration\form.py
DA:1,0
DA:2,0
DA:3,0
DA:4,0
DA:6,0
DA:7,0
DA:8,0
DA:9,0
DA:12,0
DA:13,0
DA:14,0
DA:15,0
DA:16,0
DA:18,0
DA:19,0
DA:20,0
DA:21,0
DA:22,0
DA:24,0
DA:25,0
DA:26,0
DA:27,0
DA:40,0
DA:41,0
DA:42,0
DA:43,0
DA:44,0
LF:27
LH:0
FN:12,16,user_profile_form.clean_username
FNDA:0,user_profile_form.clean_username
FN:18,22,user_profile_form.clean_email
FNDA:0,user_profile_form.clean_email
FN:40,44,shop_profile_form.clean_shop_email
FNDA:0,shop_profile_form.clean_shop_email
FNF:3
FNH:0
BRDA:14,0,jump to line 15,-
BRDA:14,0,jump to line 16,-
BRDA:20,0,jump to line 21,-
BRDA:20,0,jump to line 22,-
BRDA:42,0,jump to line 43,-
BRDA:42,0,jump to line 44,-
BRF:6
BRH:0
end_of_record
SF:registration\models.py
DA:1,1
LF:1
LH:1
end_of_record
SF:registration\tests.py
DA:1,1
LF:1
LH:1
end_of_record
SF:registration\urls.py
DA:1,1
DA:2,1
DA:3,1
DA:4,1
DA:5,1
DA:6,1
LF:6
LH:6
end_of_record
SF:registration\views.py
DA:1,1
DA:2,1
DA:3,1
DA:4,1
DA:5,1
DA:6,1
DA:7,1
DA:8,1
DA:9,1
DA:10,1
DA:11,1
DA:12,1
DA:13,1
DA:16,1
DA:17,1
DA:18,1
DA:19,1
DA:20,1
DA:21,1
DA:23,1
DA:26,1
DA:27,0
DA:31,1
DA:32,0
DA:33,0
DA:35,1
DA:36,0
DA:37,0
DA:39,0
DA:41,0
DA:43,0
DA:44,0
DA:45,0
DA:46,0
DA:55,0
DA:57,1
DA:58,1
DA:59,0
DA:60,0
DA:61,0
DA:62,0
DA:63,0
DA:65,0
DA:71,0
DA:73,0
DA:74,0
DA:86,0
DA:87,0
DA:88,0
DA:89,0
DA:90,0
DA:91,0
DA:92,0
DA:93,0
DA:96,1
DA:97,1
DA:98,1
DA:99,0
DA:100,0
DA:102,1
DA:103,1
DA:104,1
DA:106,0
DA:108,0
DA:110,0
DA:111,0
DA:112,0
DA:113,0
DA:120,0
DA:122,1
DA:123,1
DA:124,1
DA:125,0
DA:126,0
DA:128,0
DA:129,0
DA:136,0
DA:137,0
DA:139,1
DA:140,1
DA:141,1
DA:142,0
DA:144,0
DA:145,0
DA:147,0
DA:148,0
DA:149,0
DA:150,0
DA:151,0
DA:152,0
DA:153,0
DA:165,0
DA:166,0
DA:167,0
DA:169,1
DA:170,1
DA:171,1
DA:173,0
DA:175,0
DA:176,0
DA:178,0
DA:179,0
DA:180,0
DA:181,0
DA:182,0
DA:184,0
DA:185,0
DA:187,0
DA:188,0
DA:189,0
DA:190,0
DA:195,0
DA:197,0
DA:199,1
DA:200,1
DA:201,1
DA:202,0
DA:203,0
DA:204,0
DA:205,0
DA:208,0
DA:209,0
DA:211,1
DA:212,1
DA:213,1
DA:214,0
DA:215,0
DA:217,0
DA:218,0
DA:220,0
DA:221,0
DA:222,0
DA:223,0
DA:224,0
DA:225,0
DA:227,0
DA:229,0
DA:230,0
DA:231,0
DA:232,0
DA:235,0
DA:236,0
DA:237,0
DA:238,0
DA:241,0
DA:242,0
DA:243,0
DA:244,0
DA:245,0
DA:246,0
DA:247,0
DA:248,0
DA:253,1
DA:254,1
DA:255,1
DA:256,0
DA:257,0
DA:258,0
DA:259,0
DA:260,0
DA:261,0
DA:263,0
DA:264,0
DA:266,0
DA:267,0
DA:269,0
DA:272,0
DA:273,0
DA:275,0
DA:276,0
DA:280,0
DA:281,0
DA:283,0
DA:285,1
DA:286,1
DA:287,1
DA:288,0
DA:290,0
DA:291,0
DA:292,0
DA:293,0
DA:294,0
DA:295,0
DA:297,0
DA:298,0
DA:301,0
DA:302,0
DA:303,0
DA:304,0
DA:309,0
DA:310,0
DA:311,0
DA:333,0
DA:334,0
DA:335,0
DA:339,0
DA:340,0
DA:341,0
DA:342,0
DA:343,0
DA:344,0
DA:346,0
DA:347,0
DA:348,0
DA:349,0
DA:350,0
DA:351,0
DA:352,0
DA:353,0
DA:354,0
DA:355,0
DA:356,0
DA:357,0
DA:358,0
DA:359,0
DA:367,0
DA:369,0
DA:370,0
DA:371,0
DA:372,0
DA:373,0
DA:374,0
DA:376,0
DA:377,0
DA:378,0
DA:379,0
DA:381,0
DA:382,0
DA:383,0
DA:384,0
DA:385,0
DA:386,0
DA:391,0
DA:393,0
DA:394,0
DA:396,0
DA:397,0
DA:398,0
DA:399,0
DA:400,0
DA:401,0
DA:407,0
DA:409,0
DA:410,0
DA:412,0
DA:413,0
DA:415,0
DA:416,0
DA:417,0
LF:249
LH:52
FN:26,27,select_user_type
FNDA:0,select_user_type
FN:31,33,customer_register_step1
FNDA:0,customer_register_step1
FN:35,55,customer_register_step2
FNDA:0,customer_register_step2
FN:58,93,customer_submit
FNDA:0,customer_submit
FN:98,100,business_register_step1
FNDA:0,business_register_step1
FN:104,120,business_register_step2
FNDA:0,business_register_step2
FN:124,137,business_register_step3
FNDA:0,business_register_step3
FN:141,167,business_register_step4
FNDA:0,business_register_step4
FN:171,197,business_register_step5
FNDA:0,business_register_step5
FN:201,209,business_register_step6
FNDA:0,business_register_step6
FN:213,251,business_register_step7
FNDA:0,business_register_step7
FN:255,283,business_register_step8
FNDA:0,business_register_step8
FN:287,417,business_submit
FNDA:0,business_submit
FNF:13
FNH:0
BRDA:39,0,jump to line 41,-
BRDA:39,0,jump to line 55,-
BRDA:43,0,jump to line 44,-
BRDA:43,0,jump to line 46,-
BRDA:59,0,jump to line 60,-
BRDA:59,0,jump to line 93,-
BRDA:62,0,jump to line 63,-
BRDA:62,0,jump to line 65,-
BRDA:106,0,jump to line 108,-
BRDA:106,0,jump to line 120,-
BRDA:110,0,jump to line 111,-
BRDA:110,0,jump to line 113,-
BRDA:128,0,jump to line 129,-
BRDA:128,0,jump to line 137,-
BRDA:142,0,jump to line 144,-
BRDA:142,0,jump to line 166,-
BRDA:178,0,jump to line 179,-
BRDA:178,0,jump to line 184,-
BRDA:189,0,jump to line 190,-
BRDA:189,0,jump to line 195,-
BRDA:202,0,jump to line 203,-
BRDA:202,0,jump to line 209,-
BRDA:229,0,jump to line 230,-
BRDA:229,0,jump to line 247,-
BRDA:235,0,jump to line 236,-
BRDA:235,0,jump to line 237,-
BRDA:237,0,jump to line 238,-
BRDA:237,0,jump to line 241,-
BRDA:256,0,jump to line 257,-
BRDA:256,0,jump to line 281,-
BRDA:259,0,jump to line 260,-
BRDA:259,0,jump to line 275,-
BRDA:260,0,jump to line 259,-
BRDA:260,0,jump to line 261,-
BRDA:264,0,jump to line 266,-
BRDA:264,0,jump to line 273,-
BRDA:288,0,jump to line 290,-
BRDA:288,0,jump to line 417,-
BRDA:293,0,jump to line 294,-
BRDA:293,0,jump to line 301,-
BRDA:297,0,jump to line 293,-
BRDA:297,0,jump to line 298,-
BRDA:346,0,jump to line 347,-
BRDA:346,0,jump to line 376,-
BRDA:385,0,jump to line 386,-
BRDA:385,0,jump to line 396,-
BRDA:399,0,jump to line 400,-
BRDA:399,0,jump to line 417,-
BRF:48
BRH:0
end_of_record
SF:shop_profile\__init__.py
end_of_record
SF:shop_profile\admin.py
DA:1,1
DA:2,1
DA:4,1
DA:5,1
DA:6,1
DA:7,1
DA:8,1
DA:9,1
DA:10,1
DA:11,1
LF:10
LH:10
end_of_record
SF:shop_profile\apps.py
DA:1,1
DA:4,1
DA:5,1
DA:6,1
LF:4
LH:4
end_of_record
SF:shop_profile\models.py
DA:1,1
DA:2,1
DA:3,1
DA:4,1
DA:6,1
DA:7,1
DA:8,1
DA:9,0
DA:10,1
DA:14,1
DA:15,1
DA:16,1
DA:18,1
DA:19,0
DA:24,0
DA:25,0
DA:26,0
DA:28,1
DA:29,1
DA:35,1
DA:36,1
DA:37,1
DA:38,1
DA:40,1
DA:42,1
DA:43,1
DA:45,1
DA:46,1
DA:48,1
DA:49,0
DA:51,1
DA:52,0
DA:54,1
DA:55,1
DA:56,0
DA:58,1
DA:60,1
DA:65,1
DA:66,1
DA:67,1
DA:68,1
DA:69,1
DA:70,1
DA:71,1
DA:72,1
DA:73,1
DA:74,1
DA:75,1
DA:76,1
DA:77,1
DA:78,1
DA:79,1
DA:80,1
DA:81,1
DA:82,1
DA:83,1
DA:84,1
DA:85,1
DA:86,1
DA:89,1
DA:91,1
DA:93,1
DA:94,1
DA:95,1
DA:96,1
DA:97,1
DA:99,1
DA:101,0
DA:103,1
DA:104,1
DA:106,1
DA:107,1
DA:108,1
DA:109,1
DA:110,1
DA:112,1
DA:113,0
DA:115,1
DA:116,1
DA:117,1
DA:118,1
DA:119,1
DA:120,1
DA:121,1
DA:122,1
DA:123,1
DA:124,1
DA:125,0
DA:127,1
DA:128,1
DA:129,1
DA:130,1
DA:132,1
DA:133,0
DA:135,1
DA:136,1
DA:137,1
DA:138,1
DA:139,1
DA:140,1
DA:141,0
DA:143,1
DA:144,1
DA:153,1
DA:154,1
DA:155,1
DA:156,1
DA:157,1
DA:158,1
DA:160,1
DA:161,1
DA:162,1
DA:163,1
DA:164,1
DA:170,1
DA:171,1
DA:172,1
DA:174,1
DA:175,1
LF:119
LH:106
FN:7,16,MyUserManager.create_user
FNDA:1,MyUserManager.create_user
FN:18,26,MyUserManager.create_superuser
FNDA:0,MyUserManager.create_superuser
FN:45,46,MyUser.__str__
FNDA:1,MyUser.__str__
FN:48,49,MyUser.has_perm
FNDA:0,MyUser.has_perm
FN:51,52,MyUser.has_module_perms
FNDA:0,MyUser.has_module_perms
FN:55,56,MyUser.is_staff
FNDA:0,MyUser.is_staff
FN:91,97,ShopProfile.update_rating
FNDA:1,ShopProfile.update_rating
FN:99,101,ShopProfile.check_password
FNDA:0,ShopProfile.check_password
FN:103,104,ShopProfile.__str__
FNDA:1,ShopProfile.__str__
FN:112,113,ShopGallery.__str__
FNDA:0,ShopGallery.__str__
FN:124,125,ShopWorker.__str__
FNDA:0,ShopWorker.__str__
FN:132,133,ShopService.__str__
FNDA:0,ShopService.__str__
FN:140,141,ShopReview.__str__
FNDA:0,ShopReview.__str__
FN:157,158,ShopSchedule.__str__
FNDA:1,ShopSchedule.__str__
FN:174,175,ShopNotification.__str__
FNDA:1,ShopNotification.__str__
FNF:15
FNH:6
BRDA:8,0,jump to line 9,0
BRDA:8,0,jump to line 10,1
BRDA:93,0,jump to line 94,1
BRDA:93,0,jump to line 97,1
BRF:4
BRH:3
end_of_record
SF:shop_profile\tests.py
DA:1,1
DA:2,1
DA:3,1
DA:4,1
DA:5,1
DA:9,1
DA:10,1
DA:11,1
DA:12,1
DA:13,1
DA:15,1
DA:17,1
DA:18,1
DA:20,1
DA:23,1
DA:31,1
DA:33,1
DA:35,1
DA:36,1
DA:37,1
DA:38,1
DA:40,1
DA:42,1
DA:43,1
DA:44,1
DA:46,1
DA:48,1
DA:49,1
DA:50,1
DA:52,1
DA:54,1
DA:57,1
DA:58,1
DA:59,1
DA:62,1
DA:63,1
DA:64,1
DA:66,1
DA:68,1
DA:69,1
DA:70,1
DA:71,1
DA:73,1
DA:75,1
DA:76,1
DA:79,1
DA:80,1
DA:81,1
DA:84,1
DA:85,1
DA:86,0
DA:89,0
DA:90,0
DA:91,0
DA:98,0
DA:112,1
DA:113,1
DA:114,0
DA:117,0
DA:118,0
DA:119,0
DA:134,1
DA:135,1
DA:136,1
DA:139,1
DA:140,1
DA:144,1
DA:146,1
DA:147,1
DA:148,1
DA:151,1
DA:152,1
DA:153,1
DA:156,1
DA:157,1
DA:164,1
DA:166,1
DA:167,1
DA:168,1
DA:169,1
DA:171,1
DA:173,1
DA:176,1
DA:177,1
DA:178,1
DA:181,1
DA:182,1
DA:189,1
DA:191,1
DA:192,1
DA:193,1
DA:194,1
DA:196,1
DA:198,1
DA:201,1
DA:202,1
DA:203,1
DA:204,0
DA:205,0
DA:208,0
DA:209,0
DA:210,0
DA:213,0
LF:103
LH:88
FN:18,31,ShopProfileTests.setUp
FNDA:1,ShopProfileTests.setUp
FN:33,38,ShopProfileTests.test_shop_profile_creation
FNDA:1,ShopProfileTests.test_shop_profile_creation
FN:40,44,ShopProfileTests.test_update_rating_valid
FNDA:1,ShopProfileTests.test_update_rating_valid
FN:46,50,ShopProfileTests.test_update_rating_invalid
FNDA:1,ShopProfileTests.test_update_rating_invalid
FN:52,54,ShopProfileTests.test_shop_profile_str
FNDA:1,ShopProfileTests.test_shop_profile_str
FN:58,64,ShopGalleryTests.setUp
FNDA:1,ShopGalleryTests.setUp
FN:66,71,ShopGalleryTests.test_create_gallery_image
FNDA:1,ShopGalleryTests.test_create_gallery_image
FN:73,81,ShopGalleryTests.test_gallery_view_post
FNDA:1,ShopGalleryTests.test_gallery_view_post
FN:85,98,ShopWorkerTests.setUp
FNDA:0,ShopWorkerTests.setUp
FN:113,121,ShopServiceTests.setUp
FNDA:0,ShopServiceTests.setUp
FN:135,142,ShopReviewTests.setUp
FNDA:1,ShopReviewTests.setUp
FN:144,148,ShopReviewTests.test_review_creation
FNDA:1,ShopReviewTests.test_review_creation
FN:152,162,ShopScheduleTests.setUp
FNDA:1,ShopScheduleTests.setUp
FN:164,169,ShopScheduleTests.test_schedule_creation
FNDA:1,ShopScheduleTests.test_schedule_creation
FN:171,173,ShopScheduleTests.test_schedule_str
FNDA:1,ShopScheduleTests.test_schedule_str
FN:177,187,ShopNotificationTests.setUp
FNDA:1,ShopNotificationTests.setUp
FN:189,194,ShopNotificationTests.test_notification_creation
FNDA:1,ShopNotificationTests.test_notification_creation
FN:196,198,ShopNotificationTests.test_notification_str
FNDA:1,ShopNotificationTests.test_notification_str
FN:203,213,ViewTests.setUp
FNDA:0,ViewTests.setUp
FNF:19
FNH:16
end_of_record
SF:shop_profile\urls.py
DA:1,1
DA:2,1
DA:3,1
DA:4,1
DA:5,1
DA:6,1
DA:7,1
DA:28,1
DA:29,0
LF:9
LH:8
BRDA:28,0,jump to line 29,0
BRDA:28,0,exit the module,1
BRF:2
BRH:1
end_of_record
SF:shop_profile\views.py
DA:1,1
DA:2,1
DA:3,1
DA:4,1
DA:5,1
DA:6,1
DA:7,1
DA:8,1
DA:9,1
DA:10,1
DA:11,1
DA:12,1
DA:13,1
DA:14,1
DA:15,1
DA:16,1
DA:17,1
DA:18,1
DA:19,1
DA:20,1
DA:22,1
DA:24,1
DA:27,1
DA:28,0
DA:31,1
DA:32,1
DA:33,1
DA:34,1
DA:35,1
DA:36,1
DA:37,1
DA:38,1
DA:39,1
DA:40,1
DA:41,0
DA:42,0
DA:45,0
DA:46,0
DA:48,1
DA:49,1
DA:56,1
DA:57,0
DA:58,0
DA:60,0
DA:65,0
DA:66,0
DA:67,0
DA:68,0
DA:70,0
DA:77,1
DA:78,0
DA:79,0
DA:80,0
DA:81,0
DA:87,0
DA:89,0
DA:90,0
DA:91,0
DA:92,0
DA:93,0
DA:98,1
DA:99,0
DA:100,0
DA:101,0
DA:103,0
DA:108,0
DA:109,0
DA:112,0
DA:113,0
DA:114,0
DA:116,0
DA:117,0
DA:118,0
DA:119,0
DA:146,0
DA:147,0
DA:148,0
DA:149,0
DA:155,1
DA:156,1
DA:157,1
DA:158,0
DA:159,0
DA:160,0
DA:161,0
DA:162,0
DA:163,0
DA:164,0
DA:165,0
DA:166,0
DA:167,0
DA:168,0
DA:171,1
DA:174,1
DA:175,1
DA:176,0
DA:177,0
DA:178,0
DA:179,0
DA:180,0
DA:181,0
DA:182,0
DA:183,0
DA:184,0
DA:185,0
DA:188,1
DA:191,1
DA:192,1
DA:193,0
DA:194,0
DA:195,0
DA:196,0
DA:197,0
DA:198,0
DA:199,0
DA:213,0
DA:214,0
DA:217,1
DA:218,1
DA:219,0
DA:220,0
DA:221,0
DA:222,0
DA:223,0
DA:225,0
DA:228,0
DA:229,0
DA:232,0
DA:233,0
DA:236,0
DA:238,0
DA:239,0
DA:241,0
DA:250,0
DA:257,0
DA:258,0
DA:261,1
DA:262,0
DA:265,1
DA:266,0
DA:267,0
DA:268,0
DA:269,0
DA:270,0
DA:271,0
DA:272,0
DA:273,0
DA:274,0
DA:275,0
DA:276,0
DA:277,0
DA:278,0
DA:279,0
DA:280,0
DA:281,0
DA:282,0
DA:285,0
DA:286,0
DA:289,0
DA:290,0
DA:291,0
DA:292,0
DA:293,0
DA:295,0
DA:296,0
DA:298,0
DA:299,0
DA:301,0
DA:308,1
DA:309,0
DA:310,0
DA:311,0
DA:312,0
DA:313,0
DA:314,0
DA:315,0
DA:318,0
DA:319,0
DA:320,0
DA:321,0
DA:322,0
DA:323,0
DA:324,0
DA:325,0
DA:326,0
DA:329,0
DA:330,0
DA:331,0
DA:332,0
DA:333,0
DA:334,0
DA:342,0
DA:343,0
DA:344,0
DA:345,0
DA:348,1
DA:349,0
DA:352,0
DA:353,0
DA:356,1
DA:357,0
DA:360,1
DA:361,0
DA:364,0
DA:371,1
DA:372,0
DA:375,1
DA:376,0
DA:379,1
DA:380,0
DA:390,0
LF:211
LH:58
FN:27,28,profile
FNDA:0,profile
FN:31,53,gallery
FNDA:1,gallery
FN:56,74,calender
FNDA:0,calender
FN:77,95,appointments
FNDA:0,appointments
FN:98,153,slots
FNDA:0,slots
FN:157,168,accept_booking
FNDA:0,accept_booking
FN:175,185,reject_booking
FNDA:0,reject_booking
FN:192,214,booking_details
FNDA:0,booking_details
FN:218,258,update_status
FNDA:0,update_status
FN:261,262,message
FNDA:0,message
FN:265,305,staffs
FNDA:0,staffs
FN:308,345,add_worker
FNDA:0,add_worker
FN:348,353,customers
FNDA:0,customers
FN:356,357,review
FNDA:0,review
FN:360,368,notification
FNDA:0,notification
FN:371,372,setting
FNDA:0,setting
FN:375,376,basic_update
FNDA:0,basic_update
FN:379,394,schedule_update
FNDA:0,schedule_update
FNF:18
FNH:1
BRDA:33,0,jump to line 34,1
BRDA:33,0,jump to line 48,0
BRDA:34,0,jump to line 35,1
BRDA:34,0,jump to line 40,0
BRDA:40,0,jump to line 41,0
BRDA:40,0,jump to line 48,1
BRDA:60,0,jump to line 65,-
BRDA:60,0,jump to line 67,-
BRDA:80,0,jump to line 81,-
BRDA:80,0,jump to line 89,-
BRDA:89,0,jump to line 90,-
BRDA:89,0,jump to line 92,-
BRDA:100,0,jump to line 101,-
BRDA:100,0,jump to line 103,-
BRDA:118,0,jump to line 119,-
BRDA:118,0,jump to line 149,-
BRDA:146,0,jump to line 147,-
BRDA:146,0,jump to line 148,-
BRDA:159,0,jump to line 160,-
BRDA:159,0,return from function 'accept_booking',-
BRDA:176,0,jump to line 177,-
BRDA:176,0,return from function 'reject_booking',-
BRDA:193,0,jump to line 194,-
BRDA:193,0,return from function 'booking_details',-
BRDA:219,0,jump to line 220,-
BRDA:219,0,return from function 'update_status',-
BRDA:236,0,jump to line 238,-
BRDA:236,0,jump to line 250,-
BRDA:266,0,jump to line 267,-
BRDA:266,0,jump to line 298,-
BRDA:282,0,jump to line 285,-
BRDA:282,0,jump to line 286,-
BRDA:286,0,jump to line 289,-
BRDA:286,0,jump to line 292,-
BRDA:289,0,jump to line 290,-
BRDA:289,0,jump to line 291,-
BRDA:309,0,jump to line 310,-
BRDA:309,0,jump to line 345,-
BRDA:318,0,jump to line 319,-
BRDA:318,0,jump to line 321,-
BRDA:321,0,jump to line 322,-
BRDA:321,0,jump to line 329,-
BRF:42
BRH:3
end_of_record
SF:theme\__init__.py
end_of_record
SF:theme\apps.py
DA:1,1
DA:4,1
DA:5,1
LF:3
LH:3
end_of_record
SF:user_profile\__init__.py
end_of_record
SF:user_profile\admin.py
DA:1,1
DA:2,1
DA:4,1
LF:3
LH:3
end_of_record
SF:user_profile\apps.py
DA:1,1
DA:4,1
DA:5,1
DA:6,1
LF:4
LH:4
end_of_record
SF:user_profile\models.py
DA:1,1
DA:2,1
DA:3,1
DA:4,1
DA:5,1
DA:6,1
DA:11,1
DA:12,1
DA:13,1
DA:14,1
DA:15,1
DA:16,1
DA:17,1
DA:18,1
DA:19,1
DA:20,1
DA:21,1
DA:22,1
DA:24,1
DA:25,1
DA:26,1
DA:28,1
DA:29,1
DA:31,1
DA:32,0
DA:34,1
DA:36,0
DA:38,1
DA:40,0
DA:42,1
DA:44,0
LF:31
LH:27
FN:31,32,UserProfile.__str__
FNDA:0,UserProfile.__str__
FN:34,36,UserProfile.set_password
FNDA:0,UserProfile.set_password
FN:38,40,UserProfile.check_password
FNDA:0,UserProfile.check_password
FN:42,44,UserProfile.generate_random_password
FNDA:0,UserProfile.generate_random_password
FNF:4
FNH:0
end_of_record
SF:user_profile\tests.py
DA:1,1
DA:4,1
DA:5,1
DA:6,1
DA:7,1
DA:8,1
DA:9,1
DA:11,1
DA:12,1
DA:13,1
DA:14,1
DA:15,1
DA:17,1
DA:18,1
DA:19,1
DA:20,1
DA:21,1
DA:23,1
DA:24,1
DA:25,1
DA:26,1
DA:27,1
DA:28,1
DA:29,1
DA:33,1
DA:34,1
DA:35,1
DA:37,1
DA:38,1
DA:39,1
DA:44,1
DA:47,1
DA:48,1
DA:51,1
DA:52,1
DA:53,1
DA:54,1
DA:58,1
DA:59,1
LF:39
LH:39
FN:12,15,user_with_profile
FNDA:1,user_with_profile
FN:18,21,client_logged_in
FNDA:1,client_logged_in
FN:24,29,test_get_profile_page
FNDA:1,test_get_profile_page
FN:34,48,test_update_profile_email_conflict
FNDA:1,test_update_profile_email_conflict
FN:51,59,test_update_profile_password_mismatch
FNDA:1,test_update_profile_password_mismatch
FNF:5
FNH:5
end_of_record
SF:user_profile\urls.py
DA:1,1
DA:2,1
DA:4,1
LF:3
LH:3
end_of_record
SF:user_profile\views.py
DA:1,1
DA:2,1
DA:3,1
DA:4,1
DA:5,1
DA:6,1
DA:7,1
DA:8,1
DA:10,1
DA:12,1
DA:13,1
DA:14,1
DA:17,1
DA:19,1
DA:20,1
DA:21,1
DA:22,1
DA:23,1
DA:24,1
DA:25,1
DA:26,1
DA:29,1
DA:30,1
DA:32,1
DA:34,1
DA:35,1
DA:36,1
DA:38,1
DA:41,1
DA:42,1
DA:43,0
DA:45,1
DA:46,1
DA:48,0
DA:51,0
DA:52,0
DA:53,0
DA:55,0
DA:57,0
DA:58,0
DA:59,1
DA:60,1
DA:62,1
DA:63,0
DA:65,1
DA:66,0
DA:68,1
DA:69,0
DA:70,0
DA:71,0
DA:73,0
DA:74,0
DA:76,0
DA:79,1
DA:80,0
DA:82,1
DA:83,0
DA:85,1
DA:86,0
DA:88,1
DA:89,0
DA:91,1
DA:92,0
DA:94,1
DA:95,0
LF:65
LH:43
FN:13,60,profile
FNDA:1,profile
FN:62,63,address
FNDA:0,address
FN:65,66,reviews
FNDA:0,reviews
FN:68,76,addressofbooking
FNDA:0,addressofbooking
FN:79,80,myreviews
FNDA:0,myreviews
FN:82,83,mybooking
FNDA:0,mybooking
FN:85,86,mycancellations
FNDA:0,mycancellations
FN:88,89,mynotifications
FNDA:0,mynotifications
FN:91,92,mynotifications
FNDA:0,mynotifications
FN:94,95,mymessage
FNDA:0,mymessage
FNF:10
FNH:1
BRDA:19,0,jump to line 20,1
BRDA:19,0,jump to line 59,1
BRDA:34,0,jump to line 35,1
BRDA:34,0,jump to line 38,1
BRDA:41,0,jump to line 42,1
BRDA:41,0,jump to line 48,0
BRDA:42,0,jump to line 43,0
BRDA:42,0,jump to line 45,1
BRDA:52,0,jump to line 53,-
BRDA:52,0,jump to line 55,-
BRDA:73,0,jump to line 74,-
BRDA:73,0,jump to line 76,-
BRF:12
BRH:6
end_of_record
